Build started 20-01-2024 16:22:53.
     1>Project "D:\Files\IITG\Acads\Semester 6\CS 346\Assignment-1\210101117_Assignment1B\Code\210101117_Assignment1B\210101117_Assignment1B.vcxproj" on node 2 (build target(s)).
     1>InitializeBuildStatus:
         Creating "Debug\210101117_Assignment1B.unsuccessfulbuild" because "AlwaysCreate" was specified.
       ClCompile:
         All outputs are up-to-date.
         c:\Program Files (x86)\Microsoft Visual Studio 10.0\VC\bin\CL.exe /c /ZI /nologo /W3 /WX- /Od /Oy- /D WIN32 /D _DEBUG /D _CONSOLE /D _UNICODE /D UNICODE /Gm /EHsc /RTC1 /MDd /GS /fp:precise /Zc:wchar_t /Zc:forScope /Yu"StdAfx.h" /Fp"Debug\210101117_Assignment1B.pch" /Fo"Debug\\" /Fd"Debug\vc100.pdb" /Gd /TP /analyze- /errorReport:prompt 210101117_Assignment1B.cpp
         210101117_Assignment1B.cpp
     1>d:\files\iitg\acads\semester 6\cs 346\assignment-1\210101117_assignment1b\code\210101117_assignment1b\210101117_assignment1b.cpp(30): warning C4018: '<' : signed/unsigned mismatch
     1>d:\files\iitg\acads\semester 6\cs 346\assignment-1\210101117_assignment1b\code\210101117_assignment1b\210101117_assignment1b.cpp(118): warning C4018: '<' : signed/unsigned mismatch
       ManifestResourceCompile:
         All outputs are up-to-date.
       Link:
         c:\Program Files (x86)\Microsoft Visual Studio 10.0\VC\bin\link.exe /ERRORREPORT:PROMPT /OUT:"D:\Files\IITG\Acads\Semester 6\CS 346\Assignment-1\210101117_Assignment1B\Code\Debug\210101117_Assignment1B.exe" /INCREMENTAL /NOLOGO kernel32.lib user32.lib gdi32.lib winspool.lib comdlg32.lib advapi32.lib shell32.lib ole32.lib oleaut32.lib uuid.lib odbc32.lib odbccp32.lib /MANIFEST /ManifestFile:"Debug\210101117_Assignment1B.exe.intermediate.manifest" /MANIFESTUAC:"level='asInvoker' uiAccess='false'" /DEBUG /PDB:"D:\Files\IITG\Acads\Semester 6\CS 346\Assignment-1\210101117_Assignment1B\Code\Debug\210101117_Assignment1B.pdb" /SUBSYSTEM:CONSOLE /TLBID:1 /DYNAMICBASE /NXCOMPAT /IMPLIB:"D:\Files\IITG\Acads\Semester 6\CS 346\Assignment-1\210101117_Assignment1B\Code\Debug\210101117_Assignment1B.lib" /MACHINE:X86 Debug\210101117_Assignment1B.exe.embed.manifest.res
         Debug\210101117_Assignment1B.obj
         Debug\stdafx.obj
       Manifest:
         C:\Program Files (x86)\Microsoft SDKs\Windows\v7.0A\bin\mt.exe /nologo /verbose /out:"Debug\210101117_Assignment1B.exe.embed.manifest" /manifest Debug\210101117_Assignment1B.exe.intermediate.manifest
         All outputs are up-to-date.
       LinkEmbedManifest:
         All outputs are up-to-date.
         210101117_Assignment1B.vcxproj -> D:\Files\IITG\Acads\Semester 6\CS 346\Assignment-1\210101117_Assignment1B\Code\Debug\210101117_Assignment1B.exe
       FinalizeBuildStatus:
         Deleting file "Debug\210101117_Assignment1B.unsuccessfulbuild".
         Touching "Debug\210101117_Assignment1B.lastbuildstate".
     1>Done Building Project "D:\Files\IITG\Acads\Semester 6\CS 346\Assignment-1\210101117_Assignment1B\Code\210101117_Assignment1B\210101117_Assignment1B.vcxproj" (build target(s)).

Build succeeded.

Time Elapsed 00:00:01.54
